  GameLoop.cpp
c:\dev\interview\ballcollision\gameloop\../Renderer/Renderer.h(19): warning C4244: аргумент: преобразование "const float" в "unsigned int", возможна потеря данных
c:\dev\interview\ballcollision\gameloop\src\../../Objects/Ball.h(40): warning C4244: return: преобразование "double" в "float", возможна потеря данных
GameLoop\src\GameLoop.cpp(42): warning C4244: аргумент: преобразование "time_t" в "unsigned int", возможна потеря данных
C:\Program Files (x86)\Microsoft Visual Studio 14.0\VC\include\type_traits(1468): warning C4244: return: преобразование "int" в "float", возможна потеря данных
  C:\Program Files (x86)\Microsoft Visual Studio 14.0\VC\include\functional(213): note: выполняется компиляция ссылки на экземпляр шаблон функции "_Rx std::_Invoke_ret<_Rx,_Callable&>(std::_Forced<_Rx,false>,_Callable &)"
          with
          [
              _Rx=float,
              _Callable=_Decayed
          ]
  C:\Program Files (x86)\Microsoft Visual Studio 14.0\VC\include\functional(211): note: при компиляции функции-члена "<Нет данных>" класса <Нет данных>
  C:\Program Files (x86)\Microsoft Visual Studio 14.0\VC\include\functional(137): note: См. ссылку на компилируемый экземпляр "<Нет данных>" класса <Нет данных>
  C:\Program Files (x86)\Microsoft Visual Studio 14.0\VC\include\functional(348): note: См. ссылку на компилируемый экземпляр "<Нет данных>" класса <Нет данных>
  C:\Program Files (x86)\Microsoft Visual Studio 14.0\VC\include\functional(327): note: выполняется компиляция ссылки на экземпляр шаблон функции "void std::_Func_class<_Ret>::_Reset_alloc<_Ty,std::allocator<int>>(_Fx &&,const _Alloc &)"
          with
          [
              _Ret=float,
              _Ty=GameLoop::<lambda_1c0e17b54e8f38d794d6ddb9b3343358>,
              _Fx=GameLoop::<lambda_1c0e17b54e8f38d794d6ddb9b3343358>,
              _Alloc=std::allocator<int>
          ]
  C:\Program Files (x86)\Microsoft Visual Studio 14.0\VC\include\functional(327): note: выполняется компиляция ссылки на экземпляр шаблон функции "void std::_Func_class<_Ret>::_Reset_alloc<_Ty,std::allocator<int>>(_Fx &&,const _Alloc &)"
          with
          [
              _Ret=float,
              _Ty=GameLoop::<lambda_1c0e17b54e8f38d794d6ddb9b3343358>,
              _Fx=GameLoop::<lambda_1c0e17b54e8f38d794d6ddb9b3343358>,
              _Alloc=std::allocator<int>
          ]
  C:\Program Files (x86)\Microsoft Visual Studio 14.0\VC\include\functional(498): note: выполняется компиляция ссылки на экземпляр шаблон функции "void std::_Func_class<_Ret>::_Reset<GameLoop::<lambda_1c0e17b54e8f38d794d6ddb9b3343358>>(_Fx &&)"
          with
          [
              _Ret=float,
              _Fx=GameLoop::<lambda_1c0e17b54e8f38d794d6ddb9b3343358>
          ]
  C:\Program Files (x86)\Microsoft Visual Studio 14.0\VC\include\functional(498): note: выполняется компиляция ссылки на экземпляр шаблон функции "void std::_Func_class<_Ret>::_Reset<GameLoop::<lambda_1c0e17b54e8f38d794d6ddb9b3343358>>(_Fx &&)"
          with
          [
              _Ret=float,
              _Fx=GameLoop::<lambda_1c0e17b54e8f38d794d6ddb9b3343358>
          ]
  c:\dev\interview\ballcollision\gameloop\src\..\GameLoop.h(53): note: выполняется компиляция ссылки на экземпляр шаблон функции "std::function<float (void)>::function<GameLoop::<lambda_1c0e17b54e8f38d794d6ddb9b3343358>,int,void>(_Fx)"
          with
          [
              _Fx=GameLoop::<lambda_1c0e17b54e8f38d794d6ddb9b3343358>
          ]
  c:\dev\interview\ballcollision\gameloop\src\..\GameLoop.h(53): note: выполняется компиляция ссылки на экземпляр шаблон функции "std::function<float (void)>::function<GameLoop::<lambda_1c0e17b54e8f38d794d6ddb9b3343358>,int,void>(_Fx)"
          with
          [
              _Fx=GameLoop::<lambda_1c0e17b54e8f38d794d6ddb9b3343358>
          ]
  Создание кода
  13 of 1033 functions ( 1.3%) were compiled, the rest were copied from previous compilation.
    0 functions were new in current compilation
    6 functions had inline decision re-evaluated but remain unchanged
  Создание кода завершено
  BallCollision.vcxproj -> C:\dev\interview\x64\Release\BallCollision.exe
  BallCollision.vcxproj -> C:\dev\interview\x64\Release\BallCollision.pdb (Full PDB)
